<?xml version="1.0" ?>
<coverage version="7.10.1" timestamp="1754101174802" lines-valid="4869" lines-covered="745" line-rate="0.153" branches-valid="1244" branches-covered="85" branch-rate="0.06833" complexity="0">
	<!-- Generated by coverage.py: https://coverage.readthedocs.io/en/7.10.1 -->
	<!-- Based on https://raw.githubusercontent.com/cobertura/web/master/htdocs/xml/coverage-04.dtd -->
	<sources>
		<source>/Users/defend/Desktop/OpenPerformance</source>
	</sources>
	<packages>
		<package name="python.mlperf" line-rate="0.875" branch-rate="1" complexity="0">
			<classes>
				<class name="__init__.py" filename="python/mlperf/__init__.py" complexity="0" line-rate="0.875" branch-rate="1">
					<methods/>
					<lines>
						<line number="8" hits="1"/>
						<line number="9" hits="1"/>
						<line number="10" hits="1"/>
						<line number="13" hits="1"/>
						<line number="14" hits="1"/>
						<line number="17" hits="1"/>
						<line number="19" hits="1"/>
						<line number="21" hits="0"/>
					</lines>
				</class>
			</classes>
		</package>
		<package name="python.mlperf.agents" line-rate="0" branch-rate="0" complexity="0">
			<classes>
				<class name="__init__.py" filename="python/mlperf/agents/__init__.py" complexity="0" line-rate="0" branch-rate="1">
					<methods/>
					<lines>
						<line number="3" hits="0"/>
						<line number="4" hits="0"/>
						<line number="5" hits="0"/>
						<line number="6" hits="0"/>
						<line number="7" hits="0"/>
						<line number="9" hits="0"/>
					</lines>
				</class>
				<class name="base.py" filename="python/mlperf/agents/base.py" complexity="0" line-rate="0" branch-rate="0">
					<methods/>
					<lines>
						<line number="3" hits="0"/>
						<line number="4" hits="0"/>
						<line number="5" hits="0"/>
						<line number="6" hits="0"/>
						<line number="7" hits="0"/>
						<line number="8" hits="0"/>
						<line number="10" hits="0"/>
						<line number="12" hits="0"/>
						<line number="14" hits="0"/>
						<line number="17" hits="0"/>
						<line number="20" hits="0"/>
						<line number="21" hits="0"/>
						<line number="22" hits="0"/>
						<line number="23" hits="0"/>
						<line number="24" hits="0"/>
						<line number="25" hits="0"/>
						<line number="26" hits="0"/>
						<line number="27" hits="0"/>
						<line number="28" hits="0"/>
						<line number="31" hits="0"/>
						<line number="34" hits="0"/>
						<line number="35" hits="0"/>
						<line number="36" hits="0"/>
						<line number="37" hits="0"/>
						<line number="38" hits="0"/>
						<line number="39" hits="0"/>
						<line number="40" hits="0"/>
						<line number="41" hits="0"/>
						<line number="42" hits="0"/>
						<line number="43" hits="0"/>
						<line number="46" hits="0"/>
						<line number="47" hits="0"/>
						<line number="50" hits="0"/>
						<line number="51" hits="0"/>
						<line number="52" hits="0"/>
						<line number="53" hits="0"/>
						<line number="54" hits="0"/>
						<line number="55" hits="0"/>
						<line number="56" hits="0"/>
						<line number="59" hits="0"/>
						<line number="62" hits="0"/>
						<line number="72" hits="0"/>
						<line number="73" hits="0"/>
						<line number="74" hits="0"/>
						<line number="75" hits="0"/>
						<line number="76" hits="0"/>
						<line number="77" hits="0"/>
						<line number="78" hits="0"/>
						<line number="79" hits="0"/>
						<line number="80" hits="0"/>
						<line number="83" hits="0"/>
						<line number="90" hits="0"/>
						<line number="92" hits="0"/>
						<line number="107" hits="0"/>
						<line number="109" hits="0"/>
						<line number="111" hits="0" branch="true" condition-coverage="0% (0/2)" missing-branches="112,114"/>
						<line number="112" hits="0"/>
						<line number="114" hits="0"/>
						<line number="115" hits="0"/>
						<line number="117" hits="0" branch="true" condition-coverage="0% (0/2)" missing-branches="118,120"/>
						<line number="118" hits="0"/>
						<line number="120" hits="0"/>
						<line number="122" hits="0"/>
						<line number="125" hits="0"/>
						<line number="127" hits="0"/>
						<line number="129" hits="0"/>
						<line number="137" hits="0"/>
						<line number="139" hits="0" branch="true" condition-coverage="0% (0/2)" missing-branches="140,142"/>
						<line number="140" hits="0"/>
						<line number="142" hits="0"/>
						<line number="143" hits="0" branch="true" condition-coverage="0% (0/2)" missing-branches="144,149"/>
						<line number="144" hits="0" branch="true" condition-coverage="0% (0/2)" missing-branches="145,147"/>
						<line number="145" hits="0"/>
						<line number="147" hits="0"/>
						<line number="149" hits="0"/>
						<line number="155" hits="0"/>
						<line number="158" hits="0"/>
						<line number="159" hits="0"/>
						<line number="160" hits="0"/>
						<line number="161" hits="0"/>
						<line number="162" hits="0"/>
						<line number="164" hits="0"/>
						<line number="166" hits="0" branch="true" condition-coverage="0% (0/2)" missing-branches="167,168"/>
						<line number="167" hits="0"/>
						<line number="168" hits="0"/>
						<line number="170" hits="0"/>
						<line number="172" hits="0"/>
						<line number="182" hits="0"/>
						<line number="184" hits="0"/>
						<line number="185" hits="0"/>
						<line number="186" hits="0"/>
						<line number="190" hits="0"/>
						<line number="209" hits="0"/>
						<line number="211" hits="0"/>
						<line number="218" hits="0" branch="true" condition-coverage="0% (0/2)" missing-branches="219,222"/>
						<line number="219" hits="0"/>
						<line number="220" hits="0"/>
						<line number="222" hits="0" branch="true" condition-coverage="0% (0/2)" missing-branches="223,226"/>
						<line number="223" hits="0"/>
						<line number="224" hits="0"/>
						<line number="226" hits="0" branch="true" condition-coverage="0% (0/2)" missing-branches="227,237"/>
						<line number="227" hits="0" branch="true" condition-coverage="0% (0/2)" missing-branches="228,237"/>
						<line number="228" hits="0" branch="true" condition-coverage="0% (0/2)" missing-branches="227,229"/>
						<line number="229" hits="0"/>
						<line number="230" hits="0"/>
						<line number="237" hits="0"/>
						<line number="240" hits="0"/>
						<line number="266" hits="0"/>
						<line number="273" hits="0"/>
						<line number="276" hits="0" branch="true" condition-coverage="0% (0/2)" missing-branches="277,294"/>
						<line number="277" hits="0"/>
						<line number="285" hits="0" branch="true" condition-coverage="0% (0/2)" missing-branches="286,304"/>
						<line number="286" hits="0"/>
						<line number="294" hits="0" branch="true" condition-coverage="0% (0/2)" missing-branches="295,304"/>
						<line number="295" hits="0"/>
						<line number="304" hits="0" branch="true" condition-coverage="0% (0/2)" missing-branches="305,314"/>
						<line number="305" hits="0"/>
						<line number="314" hits="0" branch="true" condition-coverage="0% (0/2)" missing-branches="315,333"/>
						<line number="315" hits="0" branch="true" condition-coverage="0% (0/2)" missing-branches="316,324"/>
						<line number="316" hits="0"/>
						<line number="324" hits="0" branch="true" condition-coverage="0% (0/2)" missing-branches="325,333"/>
						<line number="325" hits="0"/>
						<line number="333" hits="0"/>
					</lines>
				</class>
				<class name="benchmark.py" filename="python/mlperf/agents/benchmark.py" complexity="0" line-rate="0" branch-rate="0">
					<methods/>
					<lines>
						<line number="3" hits="0"/>
						<line number="4" hits="0"/>
						<line number="5" hits="0"/>
						<line number="7" hits="0"/>
						<line number="8" hits="0"/>
						<line number="10" hits="0"/>
						<line number="13" hits="0"/>
						<line number="16" hits="0"/>
						<line number="17" hits="0"/>
						<line number="40" hits="0"/>
						<line number="42" hits="0"/>
						<line number="44" hits="0"/>
						<line number="46" hits="0" branch="true" condition-coverage="0% (0/2)" missing-branches="47,57"/>
						<line number="47" hits="0"/>
						<line number="57" hits="0" branch="true" condition-coverage="0% (0/2)" missing-branches="58,59"/>
						<line number="58" hits="0"/>
						<line number="59" hits="0" branch="true" condition-coverage="0% (0/2)" missing-branches="60,61"/>
						<line number="60" hits="0"/>
						<line number="61" hits="0" branch="true" condition-coverage="0% (0/2)" missing-branches="62,63"/>
						<line number="62" hits="0"/>
						<line number="63" hits="0" branch="true" condition-coverage="0% (0/2)" missing-branches="64,66"/>
						<line number="64" hits="0"/>
						<line number="66" hits="0"/>
						<line number="69" hits="0"/>
						<line number="70" hits="0"/>
						<line number="73" hits="0"/>
						<line number="75" hits="0"/>
						<line number="77" hits="0"/>
						<line number="78" hits="0"/>
						<line number="79" hits="0"/>
						<line number="88" hits="0"/>
						<line number="90" hits="0"/>
						<line number="98" hits="0"/>
						<line number="100" hits="0"/>
						<line number="102" hits="0"/>
						<line number="105" hits="0"/>
						<line number="106" hits="0"/>
						<line number="107" hits="0"/>
						<line number="108" hits="0"/>
						<line number="111" hits="0"/>
						<line number="112" hits="0"/>
						<line number="115" hits="0" branch="true" condition-coverage="0% (0/2)" missing-branches="116,142"/>
						<line number="116" hits="0" branch="true" condition-coverage="0% (0/2)" missing-branches="117,130"/>
						<line number="117" hits="0"/>
						<line number="128" hits="0"/>
						<line number="130" hits="0"/>
						<line number="139" hits="0"/>
						<line number="142" hits="0" branch="true" condition-coverage="0% (0/2)" missing-branches="143,156"/>
						<line number="143" hits="0"/>
						<line number="153" hits="0"/>
						<line number="156" hits="0" branch="true" condition-coverage="0% (0/2)" missing-branches="157,168"/>
						<line number="157" hits="0"/>
						<line number="166" hits="0"/>
						<line number="168" hits="0"/>
						<line number="190" hits="0"/>
						<line number="192" hits="0"/>
						<line number="193" hits="0"/>
						<line number="194" hits="0"/>
						<line number="195" hits="0"/>
						<line number="198" hits="0"/>
						<line number="212" hits="0" branch="true" condition-coverage="0% (0/2)" missing-branches="213,222"/>
						<line number="213" hits="0"/>
						<line number="218" hits="0"/>
						<line number="222" hits="0" branch="true" condition-coverage="0% (0/2)" missing-branches="223,233"/>
						<line number="223" hits="0"/>
						<line number="227" hits="0"/>
						<line number="233" hits="0" branch="true" condition-coverage="0% (0/2)" missing-branches="234,240"/>
						<line number="234" hits="0"/>
						<line number="235" hits="0"/>
						<line number="240" hits="0"/>
						<line number="241" hits="0"/>
						<line number="243" hits="0"/>
						<line number="264" hits="0"/>
						<line number="266" hits="0"/>
						<line number="267" hits="0"/>
						<line number="269" hits="0"/>
						<line number="277" hits="0" branch="true" condition-coverage="0% (0/2)" missing-branches="278,290"/>
						<line number="278" hits="0"/>
						<line number="279" hits="0"/>
						<line number="285" hits="0" branch="true" condition-coverage="0% (0/2)" missing-branches="286,290"/>
						<line number="286" hits="0"/>
						<line number="287" hits="0"/>
						<line number="290" hits="0" branch="true" condition-coverage="0% (0/2)" missing-branches="291,303"/>
						<line number="291" hits="0"/>
						<line number="297" hits="0"/>
						<line number="303" hits="0" branch="true" condition-coverage="0% (0/2)" missing-branches="304,317"/>
						<line number="304" hits="0"/>
						<line number="310" hits="0"/>
						<line number="317" hits="0" branch="true" condition-coverage="0% (0/2)" missing-branches="318,327"/>
						<line number="318" hits="0"/>
						<line number="319" hits="0"/>
						<line number="320" hits="0" branch="true" condition-coverage="0% (0/2)" missing-branches="321,327"/>
						<line number="321" hits="0"/>
						<line number="327" hits="0"/>
						<line number="329" hits="0"/>
						<line number="345" hits="0"/>
						<line number="347" hits="0"/>
						<line number="348" hits="0"/>
						<line number="350" hits="0"/>
						<line number="358" hits="0" branch="true" condition-coverage="0% (0/2)" missing-branches="359,383"/>
						<line number="359" hits="0"/>
						<line number="360" hits="0" branch="true" condition-coverage="0% (0/2)" missing-branches="361,369"/>
						<line number="361" hits="0" branch="true" condition-coverage="0% (0/2)" missing-branches="360,362"/>
						<line number="362" hits="0"/>
						<line number="369" hits="0"/>
						<line number="370" hits="0"/>
						<line number="372" hits="0"/>
						<line number="374" hits="0" branch="true" condition-coverage="0% (0/2)" missing-branches="358,375"/>
						<line number="375" hits="0"/>
						<line number="383" hits="0" branch="true" condition-coverage="0% (0/2)" missing-branches="385,399"/>
						<line number="385" hits="0"/>
						<line number="386" hits="0" branch="true" condition-coverage="0% (0/2)" missing-branches="387,391"/>
						<line number="387" hits="0" branch="true" condition-coverage="0% (0/2)" missing-branches="386,388"/>
						<line number="388" hits="0"/>
						<line number="389" hits="0"/>
						<line number="391" hits="0"/>
						<line number="392" hits="0"/>
						<line number="399" hits="0" branch="true" condition-coverage="0% (0/2)" missing-branches="400,406"/>
						<line number="400" hits="0"/>
						<line number="406" hits="0"/>
						<line number="408" hits="0"/>
						<line number="426" hits="0"/>
						<line number="430" hits="0"/>
						<line number="452" hits="0"/>
						<line number="455" hits="0"/>
						<line number="457" hits="0" branch="true" condition-coverage="0% (0/2)" missing-branches="458,459"/>
						<line number="458" hits="0"/>
						<line number="459" hits="0" branch="true" condition-coverage="0% (0/2)" missing-branches="460,461"/>
						<line number="460" hits="0"/>
						<line number="461" hits="0" branch="true" condition-coverage="0% (0/2)" missing-branches="462,464"/>
						<line number="462" hits="0"/>
						<line number="464" hits="0"/>
					</lines>
				</class>
				<class name="optimization.py" filename="python/mlperf/agents/optimization.py" complexity="0" line-rate="0" branch-rate="0">
					<methods/>
					<lines>
						<line number="3" hits="0"/>
						<line number="4" hits="0"/>
						<line number="5" hits="0"/>
						<line number="7" hits="0"/>
						<line number="8" hits="0"/>
						<line number="10" hits="0"/>
						<line number="13" hits="0"/>
						<line number="16" hits="0"/>
						<line number="17" hits="0"/>
						<line number="42" hits="0"/>
						<line number="125" hits="0"/>
						<line number="127" hits="0"/>
						<line number="129" hits="0"/>
						<line number="131" hits="0" branch="true" condition-coverage="0% (0/2)" missing-branches="132,142"/>
						<line number="132" hits="0"/>
						<line number="142" hits="0" branch="true" condition-coverage="0% (0/2)" missing-branches="143,144"/>
						<line number="143" hits="0"/>
						<line number="144" hits="0" branch="true" condition-coverage="0% (0/2)" missing-branches="145,146"/>
						<line number="145" hits="0"/>
						<line number="146" hits="0" branch="true" condition-coverage="0% (0/2)" missing-branches="147,148"/>
						<line number="147" hits="0"/>
						<line number="148" hits="0" branch="true" condition-coverage="0% (0/2)" missing-branches="149,150"/>
						<line number="149" hits="0"/>
						<line number="150" hits="0" branch="true" condition-coverage="0% (0/2)" missing-branches="151,153"/>
						<line number="151" hits="0"/>
						<line number="153" hits="0"/>
						<line number="156" hits="0"/>
						<line number="157" hits="0"/>
						<line number="160" hits="0"/>
						<line number="162" hits="0"/>
						<line number="164" hits="0"/>
						<line number="165" hits="0"/>
						<line number="166" hits="0"/>
						<line number="175" hits="0"/>
						<line number="177" hits="0"/>
						<line number="186" hits="0"/>
						<line number="188" hits="0"/>
						<line number="190" hits="0"/>
						<line number="191" hits="0"/>
						<line number="192" hits="0"/>
						<line number="194" hits="0"/>
						<line number="195" hits="0"/>
						<line number="203" hits="0"/>
						<line number="204" hits="0" branch="true" condition-coverage="0% (0/2)" missing-branches="205,217"/>
						<line number="205" hits="0"/>
						<line number="206" hits="0"/>
						<line number="217" hits="0"/>
						<line number="218" hits="0" branch="true" condition-coverage="0% (0/2)" missing-branches="219,230"/>
						<line number="219" hits="0"/>
						<line number="230" hits="0"/>
						<line number="231" hits="0" branch="true" condition-coverage="0% (0/2)" missing-branches="232,243"/>
						<line number="232" hits="0"/>
						<line number="243" hits="0"/>
						<line number="244" hits="0" branch="true" condition-coverage="0% (0/2)" missing-branches="245,256"/>
						<line number="245" hits="0"/>
						<line number="256" hits="0"/>
						<line number="257" hits="0"/>
						<line number="259" hits="0"/>
						<line number="260" hits="0"/>
						<line number="263" hits="0" branch="true" condition-coverage="0% (0/2)" missing-branches="264,267"/>
						<line number="264" hits="0"/>
						<line number="265" hits="0"/>
						<line number="267" hits="0"/>
						<line number="269" hits="0"/>
						<line number="285" hits="0"/>
						<line number="287" hits="0"/>
						<line number="288" hits="0"/>
						<line number="289" hits="0"/>
						<line number="290" hits="0"/>
						<line number="292" hits="0"/>
						<line number="293" hits="0"/>
						<line number="300" hits="0"/>
						<line number="303" hits="0" branch="true" condition-coverage="0% (0/2)" missing-branches="304,409"/>
						<line number="304" hits="0"/>
						<line number="306" hits="0" branch="true" condition-coverage="0% (0/2)" missing-branches="308,341"/>
						<line number="308" hits="0" branch="true" condition-coverage="0% (0/2)" missing-branches="309,319"/>
						<line number="309" hits="0"/>
						<line number="319" hits="0" branch="true" condition-coverage="0% (0/2)" missing-branches="320,330"/>
						<line number="320" hits="0"/>
						<line number="330" hits="0" branch="true" condition-coverage="0% (0/2)" missing-branches="303,331"/>
						<line number="331" hits="0"/>
						<line number="341" hits="0" branch="true" condition-coverage="0% (0/2)" missing-branches="343,364"/>
						<line number="343" hits="0"/>
						<line number="353" hits="0" branch="true" condition-coverage="0% (0/2)" missing-branches="303,354"/>
						<line number="354" hits="0"/>
						<line number="364" hits="0" branch="true" condition-coverage="0% (0/2)" missing-branches="366,386"/>
						<line number="366" hits="0"/>
						<line number="376" hits="0"/>
						<line number="386" hits="0" branch="true" condition-coverage="0% (0/2)" missing-branches="303,388"/>
						<line number="388" hits="0"/>
						<line number="398" hits="0"/>
						<line number="409" hits="0" branch="true" condition-coverage="0% (0/2)" missing-branches="410,421"/>
						<line number="410" hits="0"/>
						<line number="421" hits="0"/>
						<line number="423" hits="0"/>
						<line number="425" hits="0"/>
						<line number="446" hits="0"/>
						<line number="448" hits="0"/>
						<line number="449" hits="0"/>
						<line number="450" hits="0"/>
						<line number="452" hits="0"/>
						<line number="462" hits="0"/>
						<line number="464" hits="0" branch="true" condition-coverage="0% (0/2)" missing-branches="465,505"/>
						<line number="465" hits="0"/>
						<line number="473" hits="0"/>
						<line number="485" hits="0"/>
						<line number="498" hits="0"/>
						<line number="505" hits="0" branch="true" condition-coverage="0% (0/2)" missing-branches="506,537"/>
						<line number="506" hits="0"/>
						<line number="514" hits="0" branch="true" condition-coverage="0% (0/2)" missing-branches="515,565"/>
						<line number="515" hits="0"/>
						<line number="537" hits="0" branch="true" condition-coverage="0% (0/2)" missing-branches="538,565"/>
						<line number="538" hits="0"/>
						<line number="546" hits="0"/>
						<line number="565" hits="0"/>
						<line number="573" hits="0"/>
						<line number="575" hits="0"/>
						<line number="595" hits="0"/>
						<line number="597" hits="0"/>
						<line number="598" hits="0"/>
						<line number="599" hits="0"/>
						<line number="601" hits="0"/>
						<line number="610" hits="0"/>
						<line number="618" hits="0" branch="true" condition-coverage="0% (0/2)" missing-branches="619,640"/>
						<line number="619" hits="0" branch="true" condition-coverage="0% (0/2)" missing-branches="618,620"/>
						<line number="620" hits="0"/>
						<line number="621" hits="0"/>
						<line number="623" hits="0" branch="true" condition-coverage="0% (0/2)" missing-branches="618,624"/>
						<line number="624" hits="0"/>
						<line number="626" hits="0" branch="true" condition-coverage="0% (0/2)" missing-branches="627,632"/>
						<line number="627" hits="0"/>
						<line number="632" hits="0" branch="true" condition-coverage="0% (0/2)" missing-branches="618,633"/>
						<line number="633" hits="0"/>
						<line number="640" hits="0"/>
						<line number="641" hits="0"/>
						<line number="643" hits="0"/>
						<line number="646" hits="0" branch="true" condition-coverage="0% (0/2)" missing-branches="647,653"/>
						<line number="647" hits="0"/>
						<line number="653" hits="0" branch="true" condition-coverage="0% (0/2)" missing-branches="654,661"/>
						<line number="654" hits="0"/>
						<line number="661" hits="0" branch="true" condition-coverage="0% (0/2)" missing-branches="662,665"/>
						<line number="662" hits="0"/>
						<line number="663" hits="0"/>
						<line number="665" hits="0"/>
						<line number="666" hits="0"/>
						<line number="668" hits="0"/>
						<line number="670" hits="0"/>
						<line number="688" hits="0"/>
						<line number="690" hits="0"/>
						<line number="691" hits="0"/>
						<line number="692" hits="0"/>
						<line number="693" hits="0"/>
						<line number="695" hits="0"/>
						<line number="704" hits="0"/>
						<line number="705" hits="0"/>
						<line number="708" hits="0"/>
						<line number="736" hits="0"/>
						<line number="764" hits="0"/>
						<line number="792" hits="0"/>
						<line number="814" hits="0"/>
						<line number="838" hits="0"/>
						<line number="854" hits="0"/>
						<line number="876" hits="0"/>
						<line number="886" hits="0"/>
						<line number="888" hits="0"/>
						<line number="906" hits="0"/>
						<line number="908" hits="0"/>
						<line number="932" hits="0"/>
						<line number="934" hits="0"/>
						<line number="936" hits="0" branch="true" condition-coverage="0% (0/2)" missing-branches="937,939"/>
						<line number="937" hits="0"/>
						<line number="939" hits="0" branch="true" condition-coverage="0% (0/2)" missing-branches="940,942"/>
						<line number="940" hits="0"/>
						<line number="942" hits="0" branch="true" condition-coverage="0% (0/2)" missing-branches="943,945"/>
						<line number="943" hits="0"/>
						<line number="945" hits="0" branch="true" condition-coverage="0% (0/2)" missing-branches="946,948"/>
						<line number="946" hits="0"/>
						<line number="948" hits="0"/>
						<line number="950" hits="0"/>
						<line number="957" hits="0"/>
						<line number="958" hits="0"/>
						<line number="960" hits="0" branch="true" condition-coverage="0% (0/2)" missing-branches="961,973"/>
						<line number="961" hits="0" branch="true" condition-coverage="0% (0/2)" missing-branches="962,967"/>
						<line number="962" hits="0"/>
						<line number="967" hits="0"/>
						<line number="973" hits="0" branch="true" condition-coverage="0% (0/2)" missing-branches="974,985"/>
						<line number="974" hits="0"/>
						<line number="979" hits="0"/>
						<line number="985" hits="0"/>
						<line number="987" hits="0"/>
						<line number="989" hits="0"/>
						<line number="1019" hits="0"/>
						<line number="1021" hits="0"/>
						<line number="1023" hits="0"/>
						<line number="1045" hits="0"/>
						<line number="1047" hits="0"/>
						<line number="1050" hits="0"/>
						<line number="1051" hits="0"/>
						<line number="1053" hits="0" branch="true" condition-coverage="0% (0/2)" missing-branches="1054,1072"/>
						<line number="1054" hits="0" branch="true" condition-coverage="0% (0/2)" missing-branches="1053,1055"/>
						<line number="1055" hits="0"/>
						<line number="1058" hits="0" branch="true" condition-coverage="0% (0/2)" missing-branches="1059,1068"/>
						<line number="1059" hits="0" branch="true" condition-coverage="0% (0/2)" missing-branches="1060,1061"/>
						<line number="1060" hits="0"/>
						<line number="1061" hits="0" branch="true" condition-coverage="0% (0/2)" missing-branches="1062,1063"/>
						<line number="1062" hits="0"/>
						<line number="1063" hits="0" branch="true" condition-coverage="0% (0/2)" missing-branches="1064,1068"/>
						<line number="1064" hits="0"/>
						<line number="1065" hits="0"/>
						<line number="1068" hits="0" branch="true" condition-coverage="0% (0/2)" missing-branches="1054,1069"/>
						<line number="1069" hits="0"/>
						<line number="1070" hits="0"/>
						<line number="1072" hits="0"/>
						<line number="1078" hits="0"/>
						<line number="1080" hits="0"/>
						<line number="1083" hits="0"/>
						<line number="1084" hits="0" branch="true" condition-coverage="0% (0/2)" missing-branches="1085,1089"/>
						<line number="1085" hits="0" branch="true" condition-coverage="0% (0/2)" missing-branches="1084,1086"/>
						<line number="1086" hits="0"/>
						<line number="1089" hits="0"/>
						<line number="1091" hits="0"/>
						<line number="1096" hits="0"/>
						<line number="1098" hits="0"/>
						<line number="1100" hits="0"/>
						<line number="1121" hits="0"/>
					</lines>
				</class>
				<class name="performance.py" filename="python/mlperf/agents/performance.py" complexity="0" line-rate="0" branch-rate="0">
					<methods/>
					<lines>
						<line number="3" hits="0"/>
						<line number="4" hits="0"/>
						<line number="5" hits="0"/>
						<line number="7" hits="0"/>
						<line number="8" hits="0"/>
						<line number="10" hits="0"/>
						<line number="11" hits="0"/>
						<line number="13" hits="0"/>
						<line number="16" hits="0"/>
						<line number="19" hits="0"/>
						<line number="20" hits="0"/>
						<line number="45" hits="0"/>
						<line number="47" hits="0"/>
						<line number="49" hits="0"/>
						<line number="51" hits="0" branch="true" condition-coverage="0% (0/2)" missing-branches="52,62"/>
						<line number="52" hits="0"/>
						<line number="62" hits="0" branch="true" condition-coverage="0% (0/2)" missing-branches="63,64"/>
						<line number="63" hits="0"/>
						<line number="64" hits="0" branch="true" condition-coverage="0% (0/2)" missing-branches="65,66"/>
						<line number="65" hits="0"/>
						<line number="66" hits="0" branch="true" condition-coverage="0% (0/2)" missing-branches="67,68"/>
						<line number="67" hits="0"/>
						<line number="68" hits="0" branch="true" condition-coverage="0% (0/2)" missing-branches="69,70"/>
						<line number="69" hits="0"/>
						<line number="70" hits="0" branch="true" condition-coverage="0% (0/2)" missing-branches="71,72"/>
						<line number="71" hits="0"/>
						<line number="72" hits="0" branch="true" condition-coverage="0% (0/2)" missing-branches="73,75"/>
						<line number="73" hits="0"/>
						<line number="75" hits="0"/>
						<line number="78" hits="0"/>
						<line number="79" hits="0"/>
						<line number="82" hits="0"/>
						<line number="84" hits="0"/>
						<line number="86" hits="0"/>
						<line number="87" hits="0"/>
						<line number="88" hits="0"/>
						<line number="97" hits="0"/>
						<line number="99" hits="0"/>
						<line number="109" hits="0"/>
						<line number="111" hits="0"/>
						<line number="113" hits="0"/>
						<line number="114" hits="0"/>
						<line number="115" hits="0"/>
						<line number="116" hits="0"/>
						<line number="118" hits="0"/>
						<line number="127" hits="0" branch="true" condition-coverage="0% (0/2)" missing-branches="128,151"/>
						<line number="128" hits="0" branch="true" condition-coverage="0% (0/2)" missing-branches="127,129"/>
						<line number="129" hits="0"/>
						<line number="141" hits="0" branch="true" condition-coverage="0% (0/2)" missing-branches="127,142"/>
						<line number="142" hits="0"/>
						<line number="151" hits="0" branch="true" condition-coverage="0% (0/2)" missing-branches="152,159"/>
						<line number="152" hits="0" branch="true" condition-coverage="0% (0/2)" missing-branches="153,159"/>
						<line number="153" hits="0" branch="true" condition-coverage="0% (0/2)" missing-branches="152,154"/>
						<line number="154" hits="0"/>
						<line number="159" hits="0"/>
						<line number="160" hits="0" branch="true" condition-coverage="0% (0/2)" missing-branches="161,178"/>
						<line number="161" hits="0"/>
						<line number="162" hits="0"/>
						<line number="165" hits="0" branch="true" condition-coverage="0% (0/2)" missing-branches="166,178"/>
						<line number="166" hits="0" branch="true" condition-coverage="0% (0/2)" missing-branches="165,167"/>
						<line number="167" hits="0"/>
						<line number="168" hits="0" branch="true" condition-coverage="0% (0/2)" missing-branches="166,169"/>
						<line number="169" hits="0"/>
						<line number="178" hits="0"/>
						<line number="180" hits="0"/>
						<line number="181" hits="0"/>
						<line number="183" hits="0"/>
						<line number="201" hits="0"/>
						<line number="203" hits="0"/>
						<line number="204" hits="0"/>
						<line number="205" hits="0"/>
						<line number="206" hits="0"/>
						<line number="208" hits="0"/>
						<line number="216" hits="0" branch="true" condition-coverage="0% (0/2)" missing-branches="217,241"/>
						<line number="217" hits="0" branch="true" condition-coverage="0% (0/2)" missing-branches="218,241"/>
						<line number="218" hits="0" branch="true" condition-coverage="0% (0/2)" missing-branches="217,220"/>
						<line number="220" hits="0"/>
						<line number="221" hits="0"/>
						<line number="227" hits="0"/>
						<line number="229" hits="0" branch="true" condition-coverage="0% (0/2)" missing-branches="217,230"/>
						<line number="230" hits="0"/>
						<line number="238" hits="0"/>
						<line number="241" hits="0" branch="true" condition-coverage="0% (0/2)" missing-branches="242,262"/>
						<line number="242" hits="0" branch="true" condition-coverage="0% (0/2)" missing-branches="243,262"/>
						<line number="243" hits="0" branch="true" condition-coverage="0% (0/2)" missing-branches="242,245"/>
						<line number="245" hits="0"/>
						<line number="246" hits="0"/>
						<line number="248" hits="0"/>
						<line number="250" hits="0" branch="true" condition-coverage="0% (0/2)" missing-branches="242,251"/>
						<line number="251" hits="0"/>
						<line number="259" hits="0"/>
						<line number="262" hits="0" branch="true" condition-coverage="0% (0/2)" missing-branches="263,269"/>
						<line number="263" hits="0"/>
						<line number="269" hits="0"/>
						<line number="271" hits="0"/>
						<line number="272" hits="0"/>
						<line number="273" hits="0"/>
						<line number="275" hits="0"/>
						<line number="293" hits="0"/>
						<line number="295" hits="0"/>
						<line number="296" hits="0"/>
						<line number="297" hits="0"/>
						<line number="298" hits="0"/>
						<line number="299" hits="0"/>
						<line number="301" hits="0"/>
						<line number="310" hits="0"/>
						<line number="311" hits="0"/>
						<line number="315" hits="0" branch="true" condition-coverage="0% (0/2)" missing-branches="316,330"/>
						<line number="316" hits="0" branch="true" condition-coverage="0% (0/2)" missing-branches="317,330"/>
						<line number="317" hits="0"/>
						<line number="323" hits="0"/>
						<line number="330" hits="0" branch="true" condition-coverage="0% (0/2)" missing-branches="331,344"/>
						<line number="331" hits="0"/>
						<line number="337" hits="0"/>
						<line number="344" hits="0" branch="true" condition-coverage="0% (0/2)" missing-branches="345,360"/>
						<line number="345" hits="0"/>
						<line number="346" hits="0" branch="true" condition-coverage="0% (0/2)" missing-branches="347,360"/>
						<line number="347" hits="0"/>
						<line number="353" hits="0"/>
						<line number="360" hits="0" branch="true" condition-coverage="0% (0/2)" missing-branches="362,371"/>
						<line number="362" hits="0" branch="true" condition-coverage="0% (0/2)" missing-branches="363,371"/>
						<line number="363" hits="0" branch="true" condition-coverage="0% (0/2)" missing-branches="362,364"/>
						<line number="364" hits="0"/>
						<line number="371" hits="0"/>
						<line number="379" hits="0"/>
						<line number="380" hits="0"/>
						<line number="382" hits="0"/>
						<line number="400" hits="0"/>
						<line number="402" hits="0"/>
						<line number="403" hits="0"/>
						<line number="404" hits="0"/>
						<line number="405" hits="0"/>
						<line number="406" hits="0"/>
						<line number="408" hits="0"/>
						<line number="418" hits="0"/>
						<line number="428" hits="0"/>
						<line number="448" hits="0"/>
						<line number="451" hits="0" branch="true" condition-coverage="0% (0/2)" missing-branches="452,461"/>
						<line number="452" hits="0"/>
						<line number="461" hits="0" branch="true" condition-coverage="0% (0/2)" missing-branches="462,471"/>
						<line number="462" hits="0"/>
						<line number="469" hits="0"/>
						<line number="471" hits="0"/>
						<line number="474" hits="0"/>
						<line number="482" hits="0"/>
						<line number="485" hits="0"/>
						<line number="495" hits="0"/>
						<line number="496" hits="0"/>
						<line number="498" hits="0"/>
						<line number="516" hits="0"/>
						<line number="518" hits="0"/>
						<line number="519" hits="0"/>
						<line number="520" hits="0"/>
						<line number="521" hits="0"/>
						<line number="523" hits="0"/>
						<line number="531" hits="0" branch="true" condition-coverage="0% (0/2)" missing-branches="532,576"/>
						<line number="532" hits="0" branch="true" condition-coverage="0% (0/2)" missing-branches="531,533"/>
						<line number="533" hits="0"/>
						<line number="534" hits="0" branch="true" condition-coverage="0% (0/2)" missing-branches="531,536"/>
						<line number="536" hits="0"/>
						<line number="537" hits="0"/>
						<line number="545" hits="0" branch="true" condition-coverage="0% (0/2)" missing-branches="546,551"/>
						<line number="546" hits="0"/>
						<line number="547" hits="0" branch="true" condition-coverage="0% (0/2)" missing-branches="548,551"/>
						<line number="548" hits="0"/>
						<line number="551" hits="0"/>
						<line number="552" hits="0" branch="true" condition-coverage="0% (0/2)" missing-branches="553,561"/>
						<line number="553" hits="0"/>
						<line number="561" hits="0"/>
						<line number="562" hits="0"/>
						<line number="568" hits="0" branch="true" condition-coverage="0% (0/2)" missing-branches="531,569"/>
						<line number="569" hits="0"/>
						<line number="576" hits="0"/>
						<line number="577" hits="0"/>
						<line number="579" hits="0"/>
						<line number="597" hits="0"/>
						<line number="599" hits="0"/>
						<line number="600" hits="0"/>
						<line number="601" hits="0"/>
						<line number="602" hits="0"/>
						<line number="604" hits="0"/>
						<line number="614" hits="0" branch="true" condition-coverage="0% (0/2)" missing-branches="615,624"/>
						<line number="615" hits="0"/>
						<line number="616" hits="0"/>
						<line number="624" hits="0" branch="true" condition-coverage="0% (0/2)" missing-branches="625,644"/>
						<line number="625" hits="0"/>
						<line number="626" hits="0" branch="true" condition-coverage="0% (0/2)" missing-branches="627,631"/>
						<line number="627" hits="0"/>
						<line number="628" hits="0" branch="true" condition-coverage="0% (0/2)" missing-branches="626,629"/>
						<line number="629" hits="0"/>
						<line number="631" hits="0" branch="true" condition-coverage="0% (0/2)" missing-branches="624,632"/>
						<line number="632" hits="0"/>
						<line number="638" hits="0" branch="true" condition-coverage="0% (0/2)" missing-branches="624,639"/>
						<line number="639" hits="0"/>
						<line number="644" hits="0"/>
						<line number="645" hits="0" branch="true" condition-coverage="0% (0/2)" missing-branches="646,655"/>
						<line number="646" hits="0"/>
						<line number="647" hits="0" branch="true" condition-coverage="0% (0/2)" missing-branches="648,653"/>
						<line number="648" hits="0" branch="true" condition-coverage="0% (0/2)" missing-branches="647,649"/>
						<line number="649" hits="0"/>
						<line number="650" hits="0" branch="true" condition-coverage="0% (0/2)" missing-branches="647,652"/>
						<line number="652" hits="0"/>
						<line number="653" hits="0"/>
						<line number="655" hits="0"/>
						<line number="656" hits="0" branch="true" condition-coverage="0% (0/2)" missing-branches="657,665"/>
						<line number="657" hits="0"/>
						<line number="665" hits="0" branch="true" condition-coverage="0% (0/2)" missing-branches="666,676"/>
						<line number="666" hits="0" branch="true" condition-coverage="0% (0/2)" missing-branches="665,667"/>
						<line number="667" hits="0" branch="true" condition-coverage="0% (0/2)" missing-branches="666,668"/>
						<line number="668" hits="0"/>
						<line number="672" hits="0" branch="true" condition-coverage="0% (0/2)" missing-branches="666,673"/>
						<line number="673" hits="0"/>
						<line number="676" hits="0"/>
						<line number="678" hits="0"/>
						<line number="679" hits="0" branch="true" condition-coverage="0% (0/2)" missing-branches="680,682"/>
						<line number="680" hits="0"/>
						<line number="682" hits="0"/>
						<line number="700" hits="0"/>
						<line number="704" hits="0"/>
						<line number="726" hits="0"/>
						<line number="728" hits="0"/>
						<line number="736" hits="0"/>
						<line number="743" hits="0" branch="true" condition-coverage="0% (0/2)" missing-branches="744,753"/>
						<line number="744" hits="0"/>
						<line number="748" hits="0"/>
						<line number="753" hits="0"/>
						<line number="755" hits="0"/>
						<line number="757" hits="0"/>
						<line number="759" hits="0"/>
						<line number="760" hits="0" branch="true" condition-coverage="0% (0/2)" missing-branches="761,772"/>
						<line number="761" hits="0" branch="true" condition-coverage="0% (0/2)" missing-branches="760,762"/>
						<line number="762" hits="0" branch="true" condition-coverage="0% (0/2)" missing-branches="761,764"/>
						<line number="764" hits="0"/>
						<line number="765" hits="0" branch="true" condition-coverage="0% (0/2)" missing-branches="761,766"/>
						<line number="766" hits="0"/>
						<line number="770" hits="0"/>
						<line number="772" hits="0"/>
						<line number="774" hits="0"/>
						<line number="776" hits="0"/>
						<line number="779" hits="0" branch="true" condition-coverage="0% (0/2)" missing-branches="780,794"/>
						<line number="780" hits="0" branch="true" condition-coverage="0% (0/2)" missing-branches="779,781"/>
						<line number="781" hits="0"/>
						<line number="794" hits="0" branch="true" condition-coverage="0% (0/2)" missing-branches="795,810"/>
						<line number="795" hits="0" branch="true" condition-coverage="0% (0/2)" missing-branches="796,810"/>
						<line number="796" hits="0" branch="true" condition-coverage="0% (0/2)" missing-branches="795,797"/>
						<line number="797" hits="0"/>
						<line number="798" hits="0"/>
						<line number="810" hits="0"/>
						<line number="812" hits="0"/>
						<line number="814" hits="0" branch="true" condition-coverage="0% (0/2)" missing-branches="815,816"/>
						<line number="815" hits="0"/>
						<line number="816" hits="0" branch="true" condition-coverage="0% (0/2)" missing-branches="817,818"/>
						<line number="817" hits="0"/>
						<line number="818" hits="0" branch="true" condition-coverage="0% (0/2)" missing-branches="819,821"/>
						<line number="819" hits="0"/>
						<line number="821" hits="0"/>
						<line number="823" hits="0"/>
						<line number="826" hits="0"/>
						<line number="828" hits="0" branch="true" condition-coverage="0% (0/2)" missing-branches="829,847"/>
						<line number="829" hits="0" branch="true" condition-coverage="0% (0/2)" missing-branches="828,831"/>
						<line number="831" hits="0"/>
						<line number="832" hits="0"/>
						<line number="834" hits="0" branch="true" condition-coverage="0% (0/2)" missing-branches="835,842"/>
						<line number="835" hits="0"/>
						<line number="842" hits="0"/>
						<line number="843" hits="0"/>
						<line number="844" hits="0"/>
						<line number="847" hits="0"/>
						<line number="848" hits="0" branch="true" condition-coverage="0% (0/2)" missing-branches="849,853"/>
						<line number="849" hits="0"/>
						<line number="850" hits="0"/>
						<line number="851" hits="0"/>
						<line number="853" hits="0"/>
						<line number="855" hits="0"/>
						<line number="857" hits="0"/>
						<line number="858" hits="0"/>
						<line number="861" hits="0" branch="true" condition-coverage="0% (0/2)" missing-branches="862,867"/>
						<line number="862" hits="0"/>
						<line number="863" hits="0"/>
						<line number="864" hits="0"/>
						<line number="867" hits="0" branch="true" condition-coverage="0% (0/2)" missing-branches="868,873"/>
						<line number="868" hits="0"/>
						<line number="869" hits="0"/>
						<line number="870" hits="0"/>
						<line number="873" hits="0" branch="true" condition-coverage="0% (0/2)" missing-branches="874,878"/>
						<line number="874" hits="0"/>
						<line number="875" hits="0"/>
						<line number="876" hits="0"/>
						<line number="878" hits="0" branch="true" condition-coverage="0% (0/2)" missing-branches="879,881"/>
						<line number="879" hits="0"/>
						<line number="881" hits="0"/>
						<line number="883" hits="0" branch="true" condition-coverage="0% (0/2)" missing-branches="884,885"/>
						<line number="884" hits="0"/>
						<line number="885" hits="0" branch="true" condition-coverage="0% (0/2)" missing-branches="886,887"/>
						<line number="886" hits="0"/>
						<line number="887" hits="0" branch="true" condition-coverage="0% (0/2)" missing-branches="888,890"/>
						<line number="888" hits="0"/>
						<line number="890" hits="0"/>
						<line number="892" hits="0"/>
						<line number="894" hits="0"/>
						<line number="897" hits="0"/>
						<line number="899" hits="0" branch="true" condition-coverage="0% (0/2)" missing-branches="900,909"/>
						<line number="900" hits="0" branch="true" condition-coverage="0% (0/2)" missing-branches="899,901"/>
						<line number="901" hits="0" branch="true" condition-coverage="0% (0/2)" missing-branches="902,907"/>
						<line number="902" hits="0" branch="true" condition-coverage="0% (0/2)" missing-branches="903,904"/>
						<line number="903" hits="0"/>
						<line number="904" hits="0" branch="true" condition-coverage="0% (0/2)" missing-branches="899,905"/>
						<line number="905" hits="0"/>
						<line number="907" hits="0"/>
						<line number="909" hits="0"/>
						<line number="911" hits="0"/>
						<line number="915" hits="0"/>
						<line number="917" hits="0"/>
						<line number="919" hits="0"/>
						<line number="920" hits="0"/>
						<line number="922" hits="0" branch="true" condition-coverage="0% (0/2)" missing-branches="923,925"/>
						<line number="923" hits="0"/>
						<line number="925" hits="0"/>
						<line number="927" hits="0"/>
						<line number="930" hits="0"/>
						<line number="932" hits="0"/>
						<line number="934" hits="0"/>
						<line number="935" hits="0"/>
						<line number="937" hits="0"/>
						<line number="939" hits="0"/>
						<line number="941" hits="0"/>
						<line number="948" hits="0" branch="true" condition-coverage="0% (0/2)" missing-branches="949,960"/>
						<line number="949" hits="0"/>
						<line number="950" hits="0" branch="true" condition-coverage="0% (0/2)" missing-branches="951,957"/>
						<line number="951" hits="0"/>
						<line number="957" hits="0"/>
						<line number="960" hits="0"/>
						<line number="962" hits="0"/>
						<line number="964" hits="0"/>
						<line number="971" hits="0"/>
						<line number="972" hits="0" branch="true" condition-coverage="0% (0/2)" missing-branches="973,978"/>
						<line number="973" hits="0"/>
						<line number="974" hits="0"/>
						<line number="975" hits="0"/>
						<line number="978" hits="0"/>
						<line number="979" hits="0" branch="true" condition-coverage="0% (0/2)" missing-branches="980,984"/>
						<line number="980" hits="0"/>
						<line number="981" hits="0"/>
						<line number="982" hits="0"/>
						<line number="984" hits="0"/>
						<line number="986" hits="0"/>
						<line number="988" hits="0"/>
						<line number="994" hits="0"/>
						<line number="996" hits="0"/>
						<line number="997" hits="0"/>
						<line number="999" hits="0"/>
						<line number="1005" hits="0"/>
						<line number="1007" hits="0"/>
						<line number="1010" hits="0" branch="true" condition-coverage="0% (0/2)" missing-branches="1011,1021"/>
						<line number="1011" hits="0" branch="true" condition-coverage="0% (0/2)" missing-branches="1010,1012"/>
						<line number="1012" hits="0"/>
						<line number="1021" hits="0"/>
						<line number="1022" hits="0" branch="true" condition-coverage="0% (0/2)" missing-branches="1023,1031"/>
						<line number="1023" hits="0"/>
						<line number="1031" hits="0"/>
						<line number="1033" hits="0"/>
						<line number="1035" hits="0" branch="true" condition-coverage="0% (0/2)" missing-branches="1036,1039"/>
						<line number="1036" hits="0"/>
						<line number="1039" hits="0"/>
						<line number="1040" hits="0"/>
						<line number="1043" hits="0"/>
						<line number="1044" hits="0"/>
						<line number="1045" hits="0"/>
						<line number="1046" hits="0"/>
						<line number="1047" hits="0"/>
						<line number="1050" hits="0" branch="true" condition-coverage="0% (0/2)" missing-branches="1051,1052"/>
						<line number="1051" hits="0"/>
						<line number="1052" hits="0" branch="true" condition-coverage="0% (0/2)" missing-branches="1053,1055"/>
						<line number="1053" hits="0"/>
						<line number="1055" hits="0"/>
						<line number="1058" hits="0"/>
						<line number="1060" hits="0"/>
						<line number="1067" hits="0"/>
						<line number="1073" hits="0" branch="true" condition-coverage="0% (0/2)" missing-branches="1074,1092"/>
						<line number="1074" hits="0"/>
						<line number="1075" hits="0" branch="true" condition-coverage="0% (0/2)" missing-branches="1076,1081"/>
						<line number="1076" hits="0"/>
						<line number="1077" hits="0" branch="true" condition-coverage="0% (0/2)" missing-branches="1075,1078"/>
						<line number="1078" hits="0"/>
						<line number="1081" hits="0"/>
						<line number="1082" hits="0"/>
						<line number="1084" hits="0" branch="true" condition-coverage="0% (0/2)" missing-branches="1085,1092"/>
						<line number="1085" hits="0"/>
						<line number="1092" hits="0"/>
						<line number="1094" hits="0"/>
						<line number="1096" hits="0"/>
						<line number="1098" hits="0" branch="true" condition-coverage="0% (0/2)" missing-branches="1099,1102"/>
						<line number="1099" hits="0"/>
						<line number="1102" hits="0"/>
						<line number="1104" hits="0" branch="true" condition-coverage="0% (0/2)" missing-branches="1105,1124"/>
						<line number="1105" hits="0"/>
						<line number="1106" hits="0"/>
						<line number="1109" hits="0"/>
						<line number="1110" hits="0"/>
						<line number="1111" hits="0"/>
						<line number="1113" hits="0" branch="true" condition-coverage="0% (0/2)" missing-branches="1104,1114"/>
						<line number="1114" hits="0"/>
						<line number="1116" hits="0" branch="true" condition-coverage="0% (0/2)" missing-branches="1104,1117"/>
						<line number="1117" hits="0"/>
						<line number="1124" hits="0"/>
						<line number="1126" hits="0"/>
						<line number="1128" hits="0" branch="true" condition-coverage="0% (0/2)" missing-branches="1129,1132"/>
						<line number="1129" hits="0"/>
						<line number="1132" hits="0"/>
						<line number="1133" hits="0"/>
						<line number="1134" hits="0"/>
						<line number="1137" hits="0"/>
						<line number="1138" hits="0" branch="true" condition-coverage="0% (0/2)" missing-branches="1139,1142"/>
						<line number="1139" hits="0"/>
						<line number="1140" hits="0"/>
						<line number="1142" hits="0"/>
						<line number="1144" hits="0"/>
						<line number="1147" hits="0"/>
						<line number="1149" hits="0"/>
						<line number="1154" hits="0"/>
						<line number="1156" hits="0"/>
						<line number="1164" hits="0"/>
						<line number="1165" hits="0" branch="true" condition-coverage="0% (0/2)" missing-branches="1166,1174"/>
						<line number="1166" hits="0" branch="true" condition-coverage="0% (0/2)" missing-branches="1167,1168"/>
						<line number="1167" hits="0"/>
						<line number="1168" hits="0" branch="true" condition-coverage="0% (0/2)" missing-branches="1169,1171"/>
						<line number="1169" hits="0"/>
						<line number="1171" hits="0"/>
						<line number="1174" hits="0"/>
						<line number="1176" hits="0"/>
						<line number="1177" hits="0"/>
						<line number="1179" hits="0" branch="true" condition-coverage="0% (0/2)" missing-branches="1180,1183"/>
						<line number="1180" hits="0"/>
						<line number="1183" hits="0" branch="true" condition-coverage="0% (0/2)" missing-branches="1184,1191"/>
						<line number="1184" hits="0"/>
						<line number="1185" hits="0" branch="true" condition-coverage="0% (0/2)" missing-branches="1186,1191"/>
						<line number="1186" hits="0" branch="true" condition-coverage="0% (0/2)" missing-branches="1187,1189"/>
						<line number="1187" hits="0"/>
						<line number="1189" hits="0"/>
						<line number="1191" hits="0"/>
						<line number="1193" hits="0"/>
						<line number="1195" hits="0"/>
						<line number="1200" hits="0"/>
						<line number="1202" hits="0" branch="true" condition-coverage="0% (0/2)" missing-branches="1203,1219"/>
						<line number="1203" hits="0" branch="true" condition-coverage="0% (0/2)" missing-branches="1202,1204"/>
						<line number="1204" hits="0"/>
						<line number="1205" hits="0"/>
						<line number="1207" hits="0" branch="true" condition-coverage="0% (0/2)" missing-branches="1203,1209"/>
						<line number="1209" hits="0"/>
						<line number="1211" hits="0"/>
						<line number="1212" hits="0"/>
						<line number="1219" hits="0"/>
						<line number="1221" hits="0"/>
						<line number="1223" hits="0" branch="true" condition-coverage="0% (0/2)" missing-branches="1224,1227"/>
						<line number="1224" hits="0"/>
						<line number="1227" hits="0"/>
						<line number="1229" hits="0" branch="true" condition-coverage="0% (0/2)" missing-branches="1230,1233"/>
						<line number="1230" hits="0"/>
						<line number="1233" hits="0"/>
						<line number="1234" hits="0"/>
						<line number="1236" hits="0" branch="true" condition-coverage="0% (0/2)" missing-branches="1237,1247"/>
						<line number="1237" hits="0"/>
						<line number="1239" hits="0" branch="true" condition-coverage="0% (0/2)" missing-branches="1240,1247"/>
						<line number="1240" hits="0"/>
						<line number="1247" hits="0"/>
						<line number="1249" hits="0"/>
						<line number="1251" hits="0"/>
						<line number="1254" hits="0" branch="true" condition-coverage="0% (0/2)" missing-branches="1255,1267"/>
						<line number="1255" hits="0"/>
						<line number="1267" hits="0" branch="true" condition-coverage="0% (0/2)" missing-branches="1268,1279"/>
						<line number="1268" hits="0"/>
						<line number="1279" hits="0"/>
					</lines>
				</class>
				<class name="swarm_manager.py" filename="python/mlperf/agents/swarm_manager.py" complexity="0" line-rate="0" branch-rate="0">
					<methods/>
					<lines>
						<line number="3" hits="0"/>
						<line number="4" hits="0"/>
						<line number="5" hits="0"/>
						<line number="6" hits="0"/>
						<line number="8" hits="0"/>
						<line number="9" hits="0"/>
						<line number="11" hits="0"/>
						<line number="12" hits="0"/>
						<line number="13" hits="0"/>
						<line number="15" hits="0"/>
						<line number="16" hits="0"/>
						<line number="19" hits="0"/>
						<line number="22" hits="0"/>
						<line number="24" hits="0"/>
						<line number="25" hits="0" branch="true" condition-coverage="0% (0/2)" missing-branches="26,29"/>
						<line number="26" hits="0"/>
						<line number="29" hits="0"/>
						<line number="32" hits="0"/>
						<line number="33" hits="0"/>
						<line number="36" hits="0"/>
						<line number="37" hits="0"/>
						<line number="38" hits="0"/>
						<line number="41" hits="0"/>
						<line number="50" hits="0"/>
						<line number="52" hits="0"/>
						<line number="54" hits="0"/>
						<line number="56" hits="0" branch="true" condition-coverage="0% (0/2)" missing-branches="57,59"/>
						<line number="57" hits="0"/>
						<line number="59" hits="0"/>
						<line number="62" hits="0"/>
						<line number="69" hits="0"/>
						<line number="71" hits="0"/>
						<line number="73" hits="0"/>
						<line number="75" hits="0"/>
						<line number="77" hits="0"/>
						<line number="85" hits="0"/>
						<line number="87" hits="0" branch="true" condition-coverage="0% (0/2)" missing-branches="89,97"/>
						<line number="89" hits="0"/>
						<line number="90" hits="0" branch="true" condition-coverage="0% (0/2)" missing-branches="91,93"/>
						<line number="91" hits="0"/>
						<line number="93" hits="0"/>
						<line number="94" hits="0"/>
						<line number="97" hits="0"/>
						<line number="98" hits="0"/>
						<line number="99" hits="0"/>
						<line number="102" hits="0"/>
						<line number="103" hits="0"/>
						<line number="105" hits="0"/>
						<line number="107" hits="0"/>
						<line number="116" hits="0"/>
						<line number="118" hits="0" branch="true" condition-coverage="0% (0/2)" missing-branches="119,124"/>
						<line number="119" hits="0" branch="true" condition-coverage="0% (0/2)" missing-branches="118,121"/>
						<line number="121" hits="0"/>
						<line number="122" hits="0"/>
						<line number="124" hits="0" branch="true" condition-coverage="0% (0/2)" missing-branches="126,129"/>
						<line number="126" hits="0"/>
						<line number="129" hits="0"/>
						<line number="130" hits="0"/>
						<line number="132" hits="0"/>
						<line number="139" hits="0"/>
						<line number="142" hits="0" branch="true" condition-coverage="0% (0/2)" missing-branches="143,146"/>
						<line number="143" hits="0"/>
						<line number="146" hits="0"/>
						<line number="147" hits="0" branch="true" condition-coverage="0% (0/2)" missing-branches="148,156"/>
						<line number="148" hits="0"/>
						<line number="151" hits="0"/>
						<line number="154" hits="0"/>
						<line number="156" hits="0"/>
						<line number="158" hits="0"/>
						<line number="165" hits="0"/>
						<line number="167" hits="0"/>
						<line number="169" hits="0"/>
						<line number="172" hits="0"/>
						<line number="173" hits="0"/>
						<line number="182" hits="0"/>
						<line number="184" hits="0"/>
						<line number="186" hits="0"/>
						<line number="187" hits="0"/>
						<line number="190" hits="0"/>
						<line number="200" hits="0"/>
						<line number="202" hits="0"/>
						<line number="204" hits="0"/>
						<line number="213" hits="0"/>
						<line number="215" hits="0" branch="true" condition-coverage="0% (0/2)" missing-branches="216,218"/>
						<line number="216" hits="0"/>
						<line number="218" hits="0"/>
						<line number="220" hits="0"/>
						<line number="221" hits="0"/>
						<line number="224" hits="0"/>
						<line number="225" hits="0" branch="true" condition-coverage="0% (0/2)" missing-branches="exit,226"/>
						<line number="226" hits="0"/>
						<line number="230" hits="0"/>
						<line number="238" hits="0" branch="true" condition-coverage="0% (0/2)" missing-branches="239,241"/>
						<line number="239" hits="0"/>
						<line number="241" hits="0"/>
						<line number="243" hits="0" branch="true" condition-coverage="0% (0/2)" missing-branches="245,263"/>
						<line number="245" hits="0" branch="true" condition-coverage="0% (0/2)" missing-branches="246,313"/>
						<line number="246" hits="0"/>
						<line number="247" hits="0" branch="true" condition-coverage="0% (0/2)" missing-branches="248,252"/>
						<line number="248" hits="0"/>
						<line number="249" hits="0"/>
						<line number="252" hits="0" branch="true" condition-coverage="0% (0/2)" missing-branches="253,255"/>
						<line number="253" hits="0"/>
						<line number="255" hits="0"/>
						<line number="256" hits="0"/>
						<line number="259" hits="0" branch="true" condition-coverage="0% (0/2)" missing-branches="245,260"/>
						<line number="260" hits="0"/>
						<line number="261" hits="0"/>
						<line number="263" hits="0" branch="true" condition-coverage="0% (0/2)" missing-branches="265,276"/>
						<line number="265" hits="0"/>
						<line number="266" hits="0" branch="true" condition-coverage="0% (0/2)" missing-branches="267,271"/>
						<line number="267" hits="0"/>
						<line number="268" hits="0" branch="true" condition-coverage="0% (0/2)" missing-branches="266,269"/>
						<line number="269" hits="0"/>
						<line number="271" hits="0"/>
						<line number="273" hits="0" branch="true" condition-coverage="0% (0/2)" missing-branches="274,313"/>
						<line number="274" hits="0"/>
						<line number="276" hits="0" branch="true" condition-coverage="0% (0/2)" missing-branches="279,313"/>
						<line number="279" hits="0"/>
						<line number="280" hits="0" branch="true" condition-coverage="0% (0/2)" missing-branches="281,285"/>
						<line number="281" hits="0"/>
						<line number="282" hits="0" branch="true" condition-coverage="0% (0/2)" missing-branches="280,283"/>
						<line number="283" hits="0"/>
						<line number="285" hits="0"/>
						<line number="287" hits="0" branch="true" condition-coverage="0% (0/2)" missing-branches="288,292"/>
						<line number="288" hits="0"/>
						<line number="292" hits="0"/>
						<line number="305" hits="0" branch="true" condition-coverage="0% (0/2)" missing-branches="306,313"/>
						<line number="306" hits="0"/>
						<line number="311" hits="0"/>
						<line number="313" hits="0"/>
						<line number="315" hits="0"/>
						<line number="317" hits="0"/>
						<line number="335" hits="0" branch="true" condition-coverage="0% (0/2)" missing-branches="336,351"/>
						<line number="336" hits="0"/>
						<line number="337" hits="0"/>
						<line number="351" hits="0" branch="true" condition-coverage="0% (0/2)" missing-branches="352,355"/>
						<line number="352" hits="0"/>
						<line number="353" hits="0"/>
						<line number="355" hits="0"/>
						<line number="357" hits="0"/>
						<line number="359" hits="0"/>
						<line number="366" hits="0" branch="true" condition-coverage="0% (0/2)" missing-branches="367,386"/>
						<line number="367" hits="0"/>
						<line number="368" hits="0" branch="true" condition-coverage="0% (0/2)" missing-branches="366,369"/>
						<line number="369" hits="0"/>
						<line number="371" hits="0" branch="true" condition-coverage="0% (0/2)" missing-branches="372,378"/>
						<line number="372" hits="0"/>
						<line number="378" hits="0" branch="true" condition-coverage="0% (0/2)" missing-branches="366,379"/>
						<line number="379" hits="0"/>
						<line number="386" hits="0"/>
						<line number="392" hits="0" branch="true" condition-coverage="0% (0/2)" missing-branches="393,399"/>
						<line number="393" hits="0"/>
						<line number="399" hits="0"/>
						<line number="401" hits="0"/>
						<line number="403" hits="0"/>
						<line number="404" hits="0"/>
						<line number="405" hits="0"/>
						<line number="406" hits="0"/>
					</lines>
				</class>
			</classes>
		</package>
		<package name="python.mlperf.api" line-rate="0.5838" branch-rate="0.2917" complexity="0">
			<classes>
				<class name="__init__.py" filename="python/mlperf/api/__init__.py" complexity="0" line-rate="1" branch-rate="1">
					<methods/>
					<lines>
						<line number="5" hits="1"/>
						<line number="7" hits="1"/>
					</lines>
				</class>
				<class name="main.py" filename="python/mlperf/api/main.py" complexity="0" line-rate="0.5792" branch-rate="0.2917">
					<methods/>
					<lines>
						<line number="3" hits="1"/>
						<line number="4" hits="1"/>
						<line number="5" hits="1"/>
						<line number="7" hits="1"/>
						<line number="8" hits="1"/>
						<line number="9" hits="1"/>
						<line number="10" hits="1"/>
						<line number="11" hits="1"/>
						<line number="12" hits="1"/>
						<line number="14" hits="1"/>
						<line number="15" hits="1"/>
						<line number="16" hits="1"/>
						<line number="17" hits="1"/>
						<line number="18" hits="1"/>
						<line number="19" hits="1"/>
						<line number="20" hits="1"/>
						<line number="21" hits="1"/>
						<line number="22" hits="1"/>
						<line number="25" hits="1"/>
						<line number="26" hits="1"/>
						<line number="27" hits="1"/>
						<line number="31" hits="1"/>
						<line number="32" hits="1"/>
						<line number="36" hits="1"/>
						<line number="37" hits="1"/>
						<line number="40" hits="0"/>
						<line number="43" hits="0"/>
						<line number="44" hits="0"/>
						<line number="45" hits="0"/>
						<line number="46" hits="0"/>
						<line number="47" hits="0"/>
						<line number="48" hits="0"/>
						<line number="49" hits="0"/>
						<line number="51" hits="0"/>
						<line number="54" hits="0"/>
						<line number="58" hits="1"/>
						<line number="69" hits="1"/>
						<line number="72" hits="1"/>
						<line number="82" hits="1"/>
						<line number="86" hits="1"/>
						<line number="88" hits="1"/>
						<line number="89" hits="1"/>
						<line number="90" hits="1"/>
						<line number="91" hits="1"/>
						<line number="92" hits="1"/>
						<line number="95" hits="1"/>
						<line number="97" hits="1"/>
						<line number="98" hits="1"/>
						<line number="99" hits="1"/>
						<line number="100" hits="1"/>
						<line number="101" hits="1"/>
						<line number="104" hits="1"/>
						<line number="106" hits="1"/>
						<line number="107" hits="1"/>
						<line number="108" hits="1"/>
						<line number="109" hits="1"/>
						<line number="110" hits="1"/>
						<line number="113" hits="1"/>
						<line number="115" hits="1"/>
						<line number="116" hits="1"/>
						<line number="117" hits="1"/>
						<line number="118" hits="1"/>
						<line number="122" hits="1"/>
						<line number="123" hits="1"/>
						<line number="125" hits="0"/>
						<line number="144" hits="1"/>
						<line number="145" hits="1"/>
						<line number="147" hits="0"/>
						<line number="160" hits="0"/>
						<line number="161" hits="0"/>
						<line number="162" hits="0"/>
						<line number="163" hits="0"/>
						<line number="164" hits="0"/>
						<line number="165" hits="0"/>
						<line number="166" hits="0"/>
						<line number="169" hits="0"/>
						<line number="170" hits="0"/>
						<line number="171" hits="0"/>
						<line number="172" hits="0"/>
						<line number="173" hits="0"/>
						<line number="174" hits="0"/>
						<line number="176" hits="0"/>
						<line number="180" hits="1"/>
						<line number="184" hits="1"/>
						<line number="189" hits="1"/>
						<line number="191" hits="1"/>
						<line number="194" hits="1"/>
						<line number="195" hits="1" branch="true" condition-coverage="100% (2/2)"/>
						<line number="196" hits="1"/>
						<line number="202" hits="1"/>
						<line number="203" hits="1"/>
						<line number="206" hits="1"/>
						<line number="209" hits="1"/>
						<line number="212" hits="1" branch="true" condition-coverage="50% (1/2)" missing-branches="213"/>
						<line number="213" hits="0"/>
						<line number="214" hits="0"/>
						<line number="215" hits="0"/>
						<line number="217" hits="0" branch="true" condition-coverage="0% (0/2)" missing-branches="218,228"/>
						<line number="218" hits="0"/>
						<line number="228" hits="0" branch="true" condition-coverage="0% (0/2)" missing-branches="229,240"/>
						<line number="229" hits="0"/>
						<line number="240" hits="1" branch="true" condition-coverage="50% (1/2)" missing-branches="241"/>
						<line number="241" hits="0"/>
						<line number="252" hits="0"/>
						<line number="263" hits="1"/>
						<line number="264" hits="1" branch="true" condition-coverage="50% (1/2)" missing-branches="265"/>
						<line number="265" hits="0"/>
						<line number="276" hits="1" branch="true" condition-coverage="50% (1/2)" missing-branches="293"/>
						<line number="277" hits="1"/>
						<line number="293" hits="0" branch="true" condition-coverage="0% (0/2)" missing-branches="294,303"/>
						<line number="294" hits="0"/>
						<line number="303" hits="0" branch="true" condition-coverage="0% (0/2)" missing-branches="304,315"/>
						<line number="304" hits="0"/>
						<line number="315" hits="1"/>
						<line number="326" hits="1"/>
						<line number="331" hits="1"/>
						<line number="333" hits="1"/>
						<line number="334" hits="1"/>
						<line number="335" hits="1"/>
						<line number="338" hits="1"/>
						<line number="341" hits="1"/>
						<line number="343" hits="1"/>
						<line number="344" hits="1"/>
						<line number="353" hits="1" branch="true" condition-coverage="50% (1/2)" missing-branches="390"/>
						<line number="354" hits="1"/>
						<line number="355" hits="1"/>
						<line number="356" hits="1"/>
						<line number="357" hits="1"/>
						<line number="367" hits="1"/>
						<line number="368" hits="1"/>
						<line number="376" hits="1"/>
						<line number="377" hits="1"/>
						<line number="378" hits="1"/>
						<line number="384" hits="1"/>
						<line number="385" hits="1"/>
						<line number="387" hits="0"/>
						<line number="388" hits="0"/>
						<line number="390" hits="1"/>
						<line number="392" hits="0"/>
						<line number="393" hits="0"/>
						<line number="394" hits="0"/>
						<line number="397" hits="1"/>
						<line number="400" hits="1"/>
						<line number="402" hits="0"/>
						<line number="403" hits="0"/>
						<line number="410" hits="0" branch="true" condition-coverage="0% (0/2)" missing-branches="411,455"/>
						<line number="411" hits="0"/>
						<line number="413" hits="0"/>
						<line number="414" hits="0"/>
						<line number="425" hits="0"/>
						<line number="426" hits="0"/>
						<line number="427" hits="0"/>
						<line number="441" hits="0"/>
						<line number="442" hits="0"/>
						<line number="443" hits="0" branch="true" condition-coverage="0% (0/2)" missing-branches="444,455"/>
						<line number="444" hits="0"/>
						<line number="449" hits="0"/>
						<line number="450" hits="0"/>
						<line number="452" hits="0"/>
						<line number="453" hits="0"/>
						<line number="455" hits="0"/>
						<line number="457" hits="0"/>
						<line number="458" hits="0"/>
						<line number="459" hits="0"/>
						<line number="463" hits="1"/>
						<line number="464" hits="1"/>
						<line number="469" hits="0"/>
						<line number="471" hits="0"/>
						<line number="474" hits="0"/>
						<line number="478" hits="0"/>
						<line number="488" hits="0"/>
						<line number="489" hits="0"/>
						<line number="490" hits="0"/>
						<line number="494" hits="1"/>
						<line number="495" hits="1"/>
						<line number="497" hits="1"/>
						<line number="507" hits="1"/>
						<line number="508" hits="1"/>
						<line number="510" hits="0"/>
						<line number="511" hits="0"/>
						<line number="520" hits="1"/>
						<line number="522" hits="0"/>
						<line number="524" hits="0"/>
					</lines>
				</class>
			</classes>
		</package>
		<package name="python.mlperf.auth" line-rate="0" branch-rate="0" complexity="0">
			<classes>
				<class name="__init__.py" filename="python/mlperf/auth/__init__.py" complexity="0" line-rate="0" branch-rate="1">
					<methods/>
					<lines>
						<line number="3" hits="0"/>
						<line number="11" hits="0"/>
						<line number="12" hits="0"/>
						<line number="20" hits="0"/>
						<line number="22" hits="0"/>
					</lines>
				</class>
				<class name="api.py" filename="python/mlperf/auth/api.py" complexity="0" line-rate="0" branch-rate="0">
					<methods/>
					<lines>
						<line number="3" hits="0"/>
						<line number="4" hits="0"/>
						<line number="5" hits="0"/>
						<line number="7" hits="0"/>
						<line number="8" hits="0"/>
						<line number="9" hits="0"/>
						<line number="10" hits="0"/>
						<line number="12" hits="0"/>
						<line number="20" hits="0"/>
						<line number="21" hits="0"/>
						<line number="34" hits="0"/>
						<line number="46" hits="0"/>
						<line number="48" hits="0"/>
						<line number="51" hits="0"/>
						<line number="59" hits="0"/>
						<line number="66" hits="0"/>
						<line number="67" hits="0"/>
						<line number="70" hits="0"/>
						<line number="71" hits="0"/>
						<line number="78" hits="0"/>
						<line number="83" hits="0" branch="true" condition-coverage="0% (0/2)" missing-branches="84,90"/>
						<line number="84" hits="0"/>
						<line number="90" hits="0"/>
						<line number="100" hits="0"/>
						<line number="101" hits="0"/>
						<line number="102" hits="0"/>
						<line number="105" hits="0"/>
						<line number="113" hits="0"/>
						<line number="116" hits="0"/>
						<line number="117" hits="0"/>
						<line number="125" hits="0"/>
						<line number="128" hits="0"/>
						<line number="129" hits="0"/>
						<line number="131" hits="0" branch="true" condition-coverage="0% (0/2)" missing-branches="132,138"/>
						<line number="132" hits="0"/>
						<line number="138" hits="0" branch="true" condition-coverage="0% (0/2)" missing-branches="139,145"/>
						<line number="139" hits="0"/>
						<line number="145" hits="0" branch="true" condition-coverage="0% (0/2)" missing-branches="147,165"/>
						<line number="147" hits="0"/>
						<line number="148" hits="0"/>
						<line number="149" hits="0"/>
						<line number="151" hits="0"/>
						<line number="159" hits="0"/>
						<line number="165" hits="0" branch="true" condition-coverage="0% (0/2)" missing-branches="166,171"/>
						<line number="166" hits="0"/>
						<line number="171" hits="0" branch="true" condition-coverage="0% (0/2)" missing-branches="172,187"/>
						<line number="172" hits="0" branch="true" condition-coverage="0% (0/2)" missing-branches="173,187"/>
						<line number="173" hits="0"/>
						<line number="181" hits="0"/>
						<line number="187" hits="0"/>
						<line number="188" hits="0"/>
						<line number="189" hits="0"/>
						<line number="192" hits="0"/>
						<line number="193" hits="0"/>
						<line number="196" hits="0"/>
						<line number="205" hits="0"/>
						<line number="212" hits="0"/>
						<line number="220" hits="0"/>
						<line number="221" hits="0"/>
						<line number="229" hits="0"/>
						<line number="231" hits="0" branch="true" condition-coverage="0% (0/2)" missing-branches="232,238"/>
						<line number="232" hits="0"/>
						<line number="233" hits="0"/>
						<line number="234" hits="0"/>
						<line number="235" hits="0"/>
						<line number="238" hits="0"/>
						<line number="240" hits="0"/>
						<line number="247" hits="0"/>
						<line number="250" hits="0"/>
						<line number="251" hits="0"/>
						<line number="258" hits="0"/>
						<line number="260" hits="0" branch="true" condition-coverage="0% (0/2)" missing-branches="262,266"/>
						<line number="262" hits="0"/>
						<line number="263" hits="0" branch="true" condition-coverage="0% (0/2)" missing-branches="264,266"/>
						<line number="264" hits="0"/>
						<line number="266" hits="0" branch="true" condition-coverage="0% (0/2)" missing-branches="267,273"/>
						<line number="267" hits="0"/>
						<line number="273" hits="0"/>
						<line number="276" hits="0"/>
						<line number="285" hits="0"/>
						<line number="293" hits="0"/>
						<line number="294" hits="0"/>
						<line number="298" hits="0"/>
						<line number="301" hits="0"/>
						<line number="302" hits="0"/>
						<line number="310" hits="0"/>
						<line number="312" hits="0" branch="true" condition-coverage="0% (0/2)" missing-branches="313,319"/>
						<line number="313" hits="0" branch="true" condition-coverage="0% (0/2)" missing-branches="315,317"/>
						<line number="315" hits="0"/>
						<line number="317" hits="0"/>
						<line number="319" hits="0"/>
						<line number="320" hits="0"/>
						<line number="321" hits="0"/>
						<line number="323" hits="0"/>
						<line number="331" hits="0"/>
						<line number="334" hits="0"/>
						<line number="335" hits="0"/>
						<line number="343" hits="0" branch="true" condition-coverage="0% (0/2)" missing-branches="344,350"/>
						<line number="344" hits="0"/>
						<line number="350" hits="0"/>
						<line number="351" hits="0"/>
						<line number="352" hits="0"/>
						<line number="354" hits="0"/>
						<line number="361" hits="0"/>
						<line number="364" hits="0"/>
						<line number="365" hits="0"/>
						<line number="371" hits="0" branch="true" condition-coverage="0% (0/2)" missing-branches="372,378"/>
						<line number="372" hits="0"/>
						<line number="378" hits="0"/>
						<line number="379" hits="0"/>
						<line number="380" hits="0"/>
						<line number="383" hits="0"/>
						<line number="386" hits="0"/>
						<line number="388" hits="0"/>
						<line number="395" hits="0"/>
						<line number="402" hits="0"/>
						<line number="403" hits="0"/>
						<line number="410" hits="0" branch="true" condition-coverage="0% (0/2)" missing-branches="411,417"/>
						<line number="411" hits="0"/>
						<line number="417" hits="0" branch="true" condition-coverage="0% (0/2)" missing-branches="418,424"/>
						<line number="418" hits="0"/>
						<line number="424" hits="0"/>
						<line number="426" hits="0"/>
						<line number="433" hits="0"/>
						<line number="436" hits="0"/>
						<line number="437" hits="0"/>
						<line number="443" hits="0" branch="true" condition-coverage="0% (0/2)" missing-branches="444,449"/>
						<line number="444" hits="0"/>
						<line number="449" hits="0"/>
						<line number="450" hits="0"/>
						<line number="452" hits="0"/>
						<line number="459" hits="0"/>
						<line number="462" hits="0"/>
						<line number="463" hits="0"/>
						<line number="471" hits="0"/>
						<line number="474" hits="0"/>
						<line number="475" hits="0" branch="true" condition-coverage="0% (0/2)" missing-branches="476,479"/>
						<line number="476" hits="0"/>
						<line number="479" hits="0"/>
						<line number="488" hits="0"/>
						<line number="489" hits="0"/>
						<line number="490" hits="0"/>
						<line number="492" hits="0"/>
						<line number="500" hits="0"/>
						<line number="511" hits="0"/>
						<line number="512" hits="0"/>
						<line number="517" hits="0"/>
						<line number="523" hits="0"/>
						<line number="525" hits="0"/>
						<line number="539" hits="0"/>
						<line number="540" hits="0"/>
						<line number="548" hits="0"/>
						<line number="554" hits="0"/>
						<line number="556" hits="0" branch="true" condition-coverage="0% (0/2)" missing-branches="557,563"/>
						<line number="557" hits="0"/>
						<line number="563" hits="0"/>
						<line number="564" hits="0"/>
						<line number="566" hits="0"/>
						<line number="574" hits="0"/>
						<line number="578" hits="0"/>
						<line number="579" hits="0"/>
						<line number="586" hits="0"/>
						<line number="589" hits="0"/>
						<line number="591" hits="0"/>
						<line number="594" hits="0"/>
						<line number="595" hits="0"/>
						<line number="601" hits="0"/>
						<line number="603" hits="0" branch="true" condition-coverage="0% (0/2)" missing-branches="604,609"/>
						<line number="604" hits="0"/>
						<line number="609" hits="0"/>
						<line number="612" hits="0"/>
						<line number="613" hits="0"/>
						<line number="621" hits="0"/>
						<line number="623" hits="0" branch="true" condition-coverage="0% (0/2)" missing-branches="624,630"/>
						<line number="624" hits="0"/>
						<line number="630" hits="0"/>
						<line number="632" hits="0" branch="true" condition-coverage="0% (0/2)" missing-branches="633,638"/>
						<line number="633" hits="0" branch="true" condition-coverage="0% (0/2)" missing-branches="634,636"/>
						<line number="634" hits="0"/>
						<line number="636" hits="0"/>
						<line number="638" hits="0"/>
						<line number="639" hits="0"/>
						<line number="640" hits="0"/>
						<line number="642" hits="0"/>
						<line number="650" hits="0"/>
						<line number="653" hits="0"/>
						<line number="654" hits="0"/>
						<line number="661" hits="0" branch="true" condition-coverage="0% (0/2)" missing-branches="662,667"/>
						<line number="662" hits="0"/>
						<line number="667" hits="0"/>
						<line number="669" hits="0" branch="true" condition-coverage="0% (0/2)" missing-branches="670,676"/>
						<line number="670" hits="0"/>
						<line number="676" hits="0"/>
						<line number="677" hits="0"/>
						<line number="679" hits="0"/>
						<line number="687" hits="0"/>
					</lines>
				</class>
				<class name="jwt.py" filename="python/mlperf/auth/jwt.py" complexity="0" line-rate="0" branch-rate="0">
					<methods/>
					<lines>
						<line number="3" hits="0"/>
						<line number="4" hits="0"/>
						<line number="5" hits="0"/>
						<line number="7" hits="0"/>
						<line number="8" hits="0"/>
						<line number="9" hits="0"/>
						<line number="10" hits="0"/>
						<line number="11" hits="0"/>
						<line number="13" hits="0"/>
						<line number="14" hits="0"/>
						<line number="15" hits="0"/>
						<line number="17" hits="0"/>
						<line number="20" hits="0"/>
						<line number="23" hits="0"/>
						<line number="24" hits="0"/>
						<line number="25" hits="0"/>
						<line number="28" hits="0"/>
						<line number="34" hits="0"/>
						<line number="37" hits="0"/>
						<line number="38" hits="0"/>
						<line number="45" hits="0" branch="true" condition-coverage="0% (0/2)" missing-branches="46,48"/>
						<line number="46" hits="0"/>
						<line number="48" hits="0" branch="true" condition-coverage="0% (0/2)" missing-branches="49,51"/>
						<line number="49" hits="0"/>
						<line number="51" hits="0"/>
						<line number="53" hits="0"/>
						<line number="56" hits="0"/>
						<line number="62" hits="0"/>
						<line number="65" hits="0"/>
						<line number="70" hits="0"/>
						<line number="78" hits="0"/>
						<line number="85" hits="0"/>
						<line number="87" hits="0"/>
						<line number="92" hits="0"/>
						<line number="99" hits="0"/>
						<line number="101" hits="0"/>
						<line number="102" hits="0"/>
						<line number="109" hits="0"/>
						<line number="120" hits="0"/>
						<line number="122" hits="0"/>
						<line number="123" hits="0"/>
						<line number="128" hits="0"/>
						<line number="129" hits="0"/>
						<line number="136" hits="0"/>
						<line number="141" hits="0"/>
						<line number="144" hits="0"/>
						<line number="147" hits="0" branch="true" condition-coverage="0% (0/2)" missing-branches="149,151"/>
						<line number="149" hits="0"/>
						<line number="151" hits="0"/>
						<line number="154" hits="0"/>
[...]
						<line number="154" hits="0"/>
						<line number="155" hits="0"/>
						<line number="156" hits="0"/>
						<line number="157" hits="0"/>
						<line number="158" hits="0"/>
						<line number="159" hits="0"/>
						<line number="160" hits="0"/>
						<line number="162" hits="0"/>
						<line number="165" hits="0"/>
						<line number="167" hits="0" branch="true" condition-coverage="0% (0/2)" missing-branches="168,170"/>
						<line number="168" hits="0"/>
						<line number="170" hits="0"/>
						<line number="172" hits="0"/>
						<line number="181" hits="0" branch="true" condition-coverage="0% (0/2)" missing-branches="182,185"/>
						<line number="182" hits="0"/>
						<line number="185" hits="0"/>
						<line number="186" hits="0"/>
						<line number="188" hits="0"/>
						<line number="190" hits="0"/>
						<line number="191" hits="0"/>
						<line number="192" hits="0"/>
						<line number="195" hits="0"/>
						<line number="197" hits="0" branch="true" condition-coverage="0% (0/2)" missing-branches="198,200"/>
						<line number="198" hits="0"/>
						<line number="200" hits="0"/>
						<line number="201" hits="0"/>
						<line number="202" hits="0"/>
						<line number="204" hits="0"/>
						<line number="206" hits="0"/>
						<line number="207" hits="0"/>
						<line number="208" hits="0"/>
						<line number="211" hits="0"/>
						<line number="213" hits="0"/>
						<line number="214" hits="0"/>
						<line number="216" hits="0"/>
						<line number="217" hits="0"/>
						<line number="219" hits="0"/>
						<line number="221" hits="0"/>
						<line number="224" hits="0"/>
						<line number="226" hits="0" branch="true" condition-coverage="0% (0/2)" missing-branches="exit,228"/>
						<line number="228" hits="0"/>
						<line number="238" hits="0"/>
						<line number="239" hits="0"/>
						<line number="241" hits="0"/>
						<line number="242" hits="0"/>
						<line number="244" hits="0"/>
						<line number="245" hits="0"/>
						<line number="246" hits="0"/>
						<line number="249" hits="0"/>
						<line number="251" hits="0"/>
						<line number="252" hits="0"/>
						<line number="253" hits="0"/>
						<line number="254" hits="0"/>
						<line number="255" hits="0"/>
						<line number="256" hits="0"/>
						<line number="257" hits="0"/>
						<line number="258" hits="0"/>
						<line number="261" hits="0"/>
						<line number="263" hits="0"/>
						<line number="264" hits="0"/>
						<line number="265" hits="0"/>
						<line number="267" hits="0" branch="true" condition-coverage="0% (0/2)" missing-branches="268,270"/>
						<line number="268" hits="0"/>
						<line number="269" hits="0"/>
						<line number="270" hits="0" branch="true" condition-coverage="0% (0/2)" missing-branches="271,273"/>
						<line number="271" hits="0"/>
						<line number="272" hits="0"/>
						<line number="273" hits="0" branch="true" condition-coverage="0% (0/2)" missing-branches="274,277"/>
						<line number="274" hits="0"/>
						<line number="275" hits="0"/>
						<line number="277" hits="0"/>
						<line number="280" hits="0" branch="true" condition-coverage="0% (0/2)" missing-branches="281,285"/>
						<line number="281" hits="0"/>
						<line number="285" hits="0"/>
						<line number="289" hits="0"/>
						<line number="291" hits="0"/>
						<line number="299" hits="0"/>
						<line number="300" hits="0"/>
						<line number="301" hits="0"/>
						<line number="304" hits="0"/>
						<line number="306" hits="0"/>
						<line number="307" hits="0"/>
						<line number="308" hits="0"/>
						<line number="310" hits="0"/>
						<line number="311" hits="0"/>
						<line number="313" hits="0"/>
						<line number="317" hits="0"/>
						<line number="318" hits="0"/>
						<line number="319" hits="0"/>
						<line number="323" hits="0"/>
						<line number="327" hits="0" branch="true" condition-coverage="0% (0/2)" missing-branches="328,332"/>
						<line number="328" hits="0"/>
						<line number="329" hits="0"/>
						<line number="330" hits="0"/>
						<line number="332" hits="0" branch="true" condition-coverage="0% (0/2)" missing-branches="exit,333"/>
						<line number="333" hits="0"/>
						<line number="334" hits="0"/>
						<line number="335" hits="0"/>
					</lines>
				</class>
				<class name="logging.py" filename="python/mlperf/utils/logging.py" complexity="0" line-rate="0.5106" branch-rate="0.2895">
					<methods/>
					<lines>
						<line number="8" hits="1"/>
						<line number="9" hits="1"/>
						<line number="10" hits="1"/>
						<line number="11" hits="1"/>
						<line number="12" hits="1"/>
						<line number="13" hits="1"/>
						<line number="14" hits="1"/>
						<line number="15" hits="1"/>
						<line number="16" hits="1"/>
						<line number="18" hits="1"/>
						<line number="21" hits="1"/>
						<line number="24" hits="1"/>
						<line number="25" hits="1"/>
						<line number="26" hits="1"/>
						<line number="28" hits="1"/>
						<line number="30" hits="1"/>
						<line number="31" hits="1"/>
						<line number="32" hits="1"/>
						<line number="35" hits="1"/>
						<line number="38" hits="1"/>
						<line number="39" hits="1"/>
						<line number="40" hits="1"/>
						<line number="44" hits="1"/>
						<line number="46" hits="1"/>
						<line number="60" hits="1" branch="true" condition-coverage="50% (1/2)" missing-branches="63"/>
						<line number="61" hits="1"/>
						<line number="63" hits="1" branch="true" condition-coverage="50% (1/2)" missing-branches="67"/>
						<line number="64" hits="1"/>
						<line number="67" hits="1" branch="true" condition-coverage="50% (1/2)" missing-branches="68"/>
						<line number="68" hits="0"/>
						<line number="71" hits="1" branch="true" condition-coverage="50% (1/2)" missing-branches="74"/>
						<line number="72" hits="1"/>
						<line number="74" hits="1"/>
						<line number="77" hits="1"/>
						<line number="92" hits="1"/>
						<line number="95" hits="1"/>
						<line number="98" hits="1"/>
						<line number="104" hits="1" branch="true" condition-coverage="50% (1/2)" missing-branches="107"/>
						<line number="105" hits="1"/>
						<line number="107" hits="0"/>
						<line number="109" hits="1" branch="true" condition-coverage="50% (1/2)" missing-branches="112"/>
						<line number="110" hits="1"/>
						<line number="112" hits="1"/>
						<line number="115" hits="1" branch="true" condition-coverage="50% (1/2)" missing-branches="134"/>
						<line number="116" hits="1"/>
						<line number="117" hits="1"/>
						<line number="119" hits="1"/>
						<line number="128" hits="1" branch="true" condition-coverage="50% (1/2)" missing-branches="131"/>
						<line number="129" hits="1"/>
						<line number="131" hits="1"/>
						<line number="134" hits="1"/>
						<line number="141" hits="1" branch="true" condition-coverage="50% (1/2)" missing-branches="147"/>
						<line number="142" hits="1"/>
						<line number="147" hits="1"/>
						<line number="148" hits="1" branch="true" condition-coverage="50% (1/2)" missing-branches="154"/>
						<line number="149" hits="1"/>
						<line number="154" hits="1"/>
						<line number="180" hits="1"/>
						<line number="183" hits="1"/>
						<line number="193" hits="1" branch="true" condition-coverage="50% (1/2)" missing-branches="195"/>
						<line number="195" hits="0"/>
						<line number="196" hits="0"/>
						<line number="198" hits="1"/>
						<line number="201" hits="1"/>
						<line number="211" hits="0"/>
						<line number="212" hits="0"/>
						<line number="213" hits="0"/>
						<line number="215" hits="0"/>
						<line number="216" hits="0"/>
						<line number="217" hits="0"/>
						<line number="218" hits="0"/>
						<line number="220" hits="0"/>
						<line number="231" hits="0"/>
						<line number="233" hits="0"/>
						<line number="234" hits="0"/>
						<line number="236" hits="0"/>
						<line number="250" hits="0"/>
						<line number="252" hits="0"/>
						<line number="255" hits="1"/>
						<line number="265" hits="0" branch="true" condition-coverage="0% (0/2)" missing-branches="266,276"/>
						<line number="266" hits="0"/>
						<line number="269" hits="0" branch="true" condition-coverage="0% (0/2)" missing-branches="265,274"/>
						<line number="274" hits="0"/>
						<line number="276" hits="0"/>
						<line number="279" hits="1"/>
						<line number="282" hits="1"/>
						<line number="283" hits="0"/>
						<line number="284" hits="0"/>
						<line number="285" hits="0"/>
						<line number="287" hits="1"/>
						<line number="289" hits="0" branch="true" condition-coverage="0% (0/2)" missing-branches="290,294"/>
						<line number="290" hits="0" branch="true" condition-coverage="0% (0/2)" missing-branches="291,292"/>
						<line number="291" hits="0"/>
						<line number="292" hits="0"/>
						<line number="294" hits="0"/>
						<line number="296" hits="1"/>
						<line number="298" hits="0" branch="true" condition-coverage="0% (0/2)" missing-branches="exit,299"/>
						<line number="299" hits="0" branch="true" condition-coverage="0% (0/2)" missing-branches="300,302"/>
						<line number="300" hits="0"/>
						<line number="302" hits="0"/>
						<line number="305" hits="1"/>
						<line number="315" hits="0"/>
						<line number="318" hits="0"/>
						<line number="319" hits="0"/>
						<line number="322" hits="0"/>
						<line number="329" hits="0"/>
						<line number="332" hits="0"/>
						<line number="334" hits="0"/>
						<line number="335" hits="0"/>
						<line number="336" hits="0"/>
						<line number="338" hits="0"/>
						<line number="341" hits="1"/>
						<line number="362" hits="0"/>
						<line number="363" hits="0"/>
						<line number="364" hits="0"/>
						<line number="365" hits="0"/>
						<line number="366" hits="0"/>
						<line number="367" hits="0"/>
						<line number="368" hits="0"/>
						<line number="369" hits="0"/>
						<line number="370" hits="0"/>
						<line number="372" hits="0"/>
						<line number="373" hits="0"/>
						<line number="374" hits="0"/>
						<line number="375" hits="0"/>
						<line number="378" hits="0" branch="true" condition-coverage="0% (0/2)" missing-branches="exit,382"/>
						<line number="382" hits="0"/>
						<line number="384" hits="0"/>
						<line number="385" hits="0"/>
						<line number="387" hits="0"/>
						<line number="388" hits="0" branch="true" condition-coverage="0% (0/2)" missing-branches="exit,391"/>
						<line number="391" hits="0"/>
						<line number="392" hits="0"/>
						<line number="394" hits="0"/>
						<line number="395" hits="0"/>
						<line number="397" hits="0"/>
						<line number="401" hits="1"/>
						<line number="402" hits="1"/>
						<line number="403" hits="1"/>
						<line number="404" hits="1"/>
						<line number="406" hits="1"/>
					</lines>
				</class>
			</classes>
		</package>
		<package name="python.mlperf.workers" line-rate="0" branch-rate="0" complexity="0">
			<classes>
				<class name="__init__.py" filename="python/mlperf/workers/__init__.py" complexity="0" line-rate="0" branch-rate="1">
					<methods/>
					<lines>
						<line number="5" hits="0"/>
						<line number="7" hits="0"/>
					</lines>
				</class>
				<class name="main.py" filename="python/mlperf/workers/main.py" complexity="0" line-rate="0" branch-rate="0">
					<methods/>
					<lines>
						<line number="5" hits="0"/>
						<line number="6" hits="0"/>
						<line number="7" hits="0"/>
						<line number="8" hits="0"/>
						<line number="9" hits="0"/>
						<line number="10" hits="0"/>
						<line number="12" hits="0"/>
						<line number="13" hits="0"/>
						<line number="14" hits="0"/>
						<line number="16" hits="0"/>
						<line number="17" hits="0"/>
						<line number="18" hits="0"/>
						<line number="24" hits="0"/>
						<line number="27" hits="0"/>
						<line number="28" hits="0"/>
						<line number="31" hits="0"/>
						<line number="39" hits="0"/>
						<line number="53" hits="0"/>
						<line number="56" hits="0"/>
						<line number="57" hits="0"/>
						<line number="58" hits="0"/>
						<line number="59" hits="0"/>
						<line number="61" hits="0"/>
						<line number="63" hits="0"/>
						<line number="64" hits="0"/>
						<line number="67" hits="0"/>
						<line number="68" hits="0"/>
						<line number="69" hits="0"/>
						<line number="70" hits="0"/>
						<line number="71" hits="0"/>
						<line number="74" hits="0"/>
						<line number="79" hits="0"/>
						<line number="84" hits="0" branch="true" condition-coverage="0% (0/2)" missing-branches="86,89"/>
						<line number="86" hits="0"/>
						<line number="89" hits="0"/>
						<line number="90" hits="0"/>
						<line number="93" hits="0"/>
						<line number="101" hits="0"/>
						<line number="104" hits="0"/>
						<line number="107" hits="0"/>
						<line number="115" hits="0"/>
						<line number="130" hits="0"/>
						<line number="131" hits="0"/>
						<line number="133" hits="0"/>
						<line number="134" hits="0"/>
						<line number="135" hits="0"/>
						<line number="137" hits="0"/>
						<line number="145" hits="0"/>
						<line number="153" hits="0"/>
						<line number="156" hits="0"/>
						<line number="157" hits="0"/>
						<line number="158" hits="0"/>
						<line number="160" hits="0"/>
						<line number="161" hits="0"/>
						<line number="163" hits="0" branch="true" condition-coverage="0% (0/2)" missing-branches="164,177"/>
						<line number="164" hits="0"/>
						<line number="167" hits="0"/>
						<line number="168" hits="0"/>
						<line number="170" hits="0"/>
						<line number="172" hits="0"/>
						<line number="173" hits="0"/>
						<line number="174" hits="0"/>
						<line number="175" hits="0"/>
						<line number="177" hits="0"/>
						<line number="178" hits="0"/>
						<line number="181" hits="0"/>
						<line number="182" hits="0"/>
						<line number="184" hits="0"/>
						<line number="195" hits="0"/>
						<line number="197" hits="0" branch="true" condition-coverage="0% (0/2)" missing-branches="198,206"/>
						<line number="198" hits="0"/>
						<line number="206" hits="0"/>
						<line number="207" hits="0"/>
						<line number="209" hits="0"/>
						<line number="210" hits="0"/>
						<line number="213" hits="0"/>
						<line number="215" hits="0"/>
						<line number="224" hits="0"/>
						<line number="232" hits="0"/>
						<line number="235" hits="0" branch="true" condition-coverage="0% (0/2)" missing-branches="236,239"/>
						<line number="236" hits="0"/>
						<line number="239" hits="0" branch="true" condition-coverage="0% (0/2)" missing-branches="240,242"/>
						<line number="240" hits="0"/>
						<line number="242" hits="0" branch="true" condition-coverage="0% (0/2)" missing-branches="243,245"/>
						<line number="243" hits="0"/>
						<line number="245" hits="0" branch="true" condition-coverage="0% (0/2)" missing-branches="246,249"/>
						<line number="246" hits="0"/>
						<line number="249" hits="0" branch="true" condition-coverage="0% (0/2)" missing-branches="250,253"/>
						<line number="250" hits="0"/>
						<line number="251" hits="0" branch="true" condition-coverage="0% (0/2)" missing-branches="252,258"/>
						<line number="252" hits="0"/>
						<line number="253" hits="0" branch="true" condition-coverage="0% (0/2)" missing-branches="254,258"/>
						<line number="254" hits="0"/>
						<line number="255" hits="0"/>
						<line number="258" hits="0"/>
						<line number="259" hits="0"/>
						<line number="262" hits="0"/>
						<line number="263" hits="0" branch="true" condition-coverage="0% (0/2)" missing-branches="264,270"/>
						<line number="264" hits="0"/>
						<line number="270" hits="0"/>
						<line number="275" hits="0"/>
						<line number="280" hits="0"/>
						<line number="287" hits="0"/>
						<line number="289" hits="0"/>
						<line number="290" hits="0"/>
						<line number="291" hits="0"/>
						<line number="293" hits="0"/>
						<line number="296" hits="0"/>
						<line number="299" hits="0"/>
						<line number="300" hits="0"/>
						<line number="301" hits="0"/>
						<line number="302" hits="0"/>
						<line number="304" hits="0"/>
						<line number="306" hits="0"/>
						<line number="308" hits="0"/>
						<line number="311" hits="0"/>
						<line number="312" hits="0"/>
						<line number="313" hits="0"/>
						<line number="314" hits="0"/>
						<line number="315" hits="0"/>
						<line number="317" hits="0"/>
						<line number="323" hits="0"/>
						<line number="330" hits="0"/>
						<line number="342" hits="0"/>
						<line number="351" hits="0"/>
						<line number="357" hits="0"/>
						<line number="359" hits="0"/>
						<line number="360" hits="0"/>
						<line number="361" hits="0"/>
						<line number="363" hits="0"/>
						<line number="365" hits="0"/>
						<line number="366" hits="0"/>
						<line number="368" hits="0"/>
						<line number="369" hits="0"/>
						<line number="372" hits="0"/>
						<line number="373" hits="0" branch="true" condition-coverage="0% (0/2)" missing-branches="374,380"/>
						<line number="374" hits="0"/>
						<line number="379" hits="0"/>
						<line number="380" hits="0" branch="true" condition-coverage="0% (0/2)" missing-branches="381,389"/>
						<line number="381" hits="0"/>
						<line number="386" hits="0"/>
						<line number="389" hits="0"/>
						<line number="390" hits="0" branch="true" condition-coverage="0% (0/2)" missing-branches="391,397"/>
						<line number="391" hits="0"/>
						<line number="396" hits="0"/>
						<line number="397" hits="0" branch="true" condition-coverage="0% (0/2)" missing-branches="398,406"/>
						<line number="398" hits="0"/>
						<line number="403" hits="0"/>
						<line number="406" hits="0" branch="true" condition-coverage="0% (0/2)" missing-branches="407,419"/>
						<line number="407" hits="0"/>
						<line number="408" hits="0"/>
						<line number="410" hits="0" branch="true" condition-coverage="0% (0/2)" missing-branches="406,411"/>
						<line number="411" hits="0"/>
						<line number="416" hits="0"/>
						<line number="419" hits="0"/>
						<line number="420" hits="0" branch="true" condition-coverage="0% (0/2)" missing-branches="421,427"/>
						<line number="421" hits="0"/>
						<line number="426" hits="0"/>
						<line number="427" hits="0" branch="true" condition-coverage="0% (0/2)" missing-branches="428,435"/>
						<line number="428" hits="0"/>
						<line number="433" hits="0"/>
						<line number="435" hits="0"/>
						<line number="444" hits="0"/>
						<line number="450" hits="0"/>
						<line number="452" hits="0"/>
						<line number="453" hits="0"/>
						<line number="454" hits="0"/>
						<line number="464" hits="0"/>
						<line number="465" hits="0"/>
						<line number="467" hits="0"/>
						<line number="468" hits="0"/>
						<line number="469" hits="0"/>
						<line number="471" hits="0"/>
						<line number="472" hits="0"/>
						<line number="473" hits="0"/>
						<line number="475" hits="0"/>
						<line number="478" hits="0"/>
						<line number="479" hits="0"/>
						<line number="481" hits="0"/>
						<line number="482" hits="0"/>
						<line number="483" hits="0"/>
						<line number="485" hits="0"/>
						<line number="486" hits="0"/>
						<line number="487" hits="0"/>
						<line number="489" hits="0"/>
						<line number="492" hits="0"/>
						<line number="493" hits="0"/>
						<line number="495" hits="0"/>
						<line number="496" hits="0"/>
						<line number="497" hits="0"/>
						<line number="499" hits="0"/>
						<line number="500" hits="0"/>
						<line number="501" hits="0"/>
						<line number="503" hits="0"/>
						<line number="507" hits="0"/>
						<line number="509" hits="0"/>
						<line number="521" hits="0"/>
						<line number="522" hits="0"/>
						<line number="524" hits="0"/>
						<line number="527" hits="0"/>
						<line number="528" hits="0"/>
						<line number="530" hits="0"/>
					</lines>
				</class>
			</classes>
		</package>
	</packages>
</coverage>
